"pkg-config --exists libffi"
package configuration for libffi is not found
have_header: checking for ffi.h... -------------------- no

"cc -o conftest -I/home/linuxbrew/.linuxbrew/Cellar/ruby/3.0.2/include/ruby-3.0.0/x86_64-linux -I/home/linuxbrew/.linuxbrew/Cellar/ruby/3.0.2/include/ruby-3.0.0/ruby/backward -I/home/linuxbrew/.linuxbrew/Cellar/ruby/3.0.2/include/ruby-3.0.0 -I.  -I/home/linuxbrew/.linuxbrew/opt/libyaml/include -I/home/linuxbrew/.linuxbrew/opt/openssl@1.1/include -I/home/linuxbrew/.linuxbrew/opt/readline/include   -O3 -ggdb3 -Wall -Wextra -Wdeprecated-declarations -Wimplicit-function-declaration -Wimplicit-int -Wpointer-arith -Wwrite-strings -Wmissing-noreturn -Wno-cast-function-type -Wno-constant-logical-operand -Wno-long-long -Wno-missing-field-initializers -Wno-overlength-strings -Wno-packed-bitfield-compat -Wno-parentheses-equality -Wno-self-assign -Wno-tautological-compare -Wno-unused-parameter -Wno-unused-value -Wsuggest-attribute=format -Wsuggest-attribute=noreturn -Wunused-variable -Wno-maybe-uninitialized  -fPIC conftest.c  -L. -L/home/linuxbrew/.linuxbrew/Cellar/ruby/3.0.2/lib -Wl,-rpath,/home/linuxbrew/.linuxbrew/Cellar/ruby/3.0.2/lib -L/home/linuxbrew/.linuxbrew/opt/libyaml/lib -Wl,-rpath,/home/linuxbrew/.linuxbrew/opt/libyaml/lib -L/home/linuxbrew/.linuxbrew/opt/openssl@1.1/lib -Wl,-rpath,/home/linuxbrew/.linuxbrew/opt/openssl@1.1/lib -L/home/linuxbrew/.linuxbrew/opt/readline/lib -Wl,-rpath,/home/linuxbrew/.linuxbrew/opt/readline/lib -L. -fstack-protector-strong -rdynamic -Wl,-export-dynamic -L/home/linuxbrew/.linuxbrew/opt/libyaml/lib  -Wl,-rpath,/home/linuxbrew/.linuxbrew/opt/libyaml/lib -L/home/linuxbrew/.linuxbrew/opt/openssl@1.1/lib  -Wl,-rpath,/home/linuxbrew/.linuxbrew/opt/openssl@1.1/lib -L/home/linuxbrew/.linuxbrew/opt/readline/lib  -Wl,-rpath,/home/linuxbrew/.linuxbrew/opt/readline/lib     -Wl,-rpath,/home/linuxbrew/.linuxbrew/Cellar/ruby/3.0.2/lib -L/home/linuxbrew/.linuxbrew/Cellar/ruby/3.0.2/lib -lruby  -lm   -lc"
checked program was:
/* begin */
1: #include "ruby.h"
2: 
3: int main(int argc, char **argv)
4: {
5:   return !!argv[argc];
6: }
/* end */

"cc -E -I/home/linuxbrew/.linuxbrew/Cellar/ruby/3.0.2/include/ruby-3.0.0/x86_64-linux -I/home/linuxbrew/.linuxbrew/Cellar/ruby/3.0.2/include/ruby-3.0.0/ruby/backward -I/home/linuxbrew/.linuxbrew/Cellar/ruby/3.0.2/include/ruby-3.0.0 -I.  -I/home/linuxbrew/.linuxbrew/opt/libyaml/include -I/home/linuxbrew/.linuxbrew/opt/openssl@1.1/include -I/home/linuxbrew/.linuxbrew/opt/readline/include   -O3 -ggdb3 -Wall -Wextra -Wdeprecated-declarations -Wimplicit-function-declaration -Wimplicit-int -Wpointer-arith -Wwrite-strings -Wmissing-noreturn -Wno-cast-function-type -Wno-constant-logical-operand -Wno-long-long -Wno-missing-field-initializers -Wno-overlength-strings -Wno-packed-bitfield-compat -Wno-parentheses-equality -Wno-self-assign -Wno-tautological-compare -Wno-unused-parameter -Wno-unused-value -Wsuggest-attribute=format -Wsuggest-attribute=noreturn -Wunused-variable -Wno-maybe-uninitialized  -fPIC  conftest.c -o conftest.i"
conftest.c:3:10: fatal error: ffi.h: No such file or directory
    3 | #include <ffi.h>
      |          ^~~~~~~
compilation terminated.
checked program was:
/* begin */
1: #include "ruby.h"
2: 
3: #include <ffi.h>
/* end */

--------------------

find_header: checking for ffi.h in /usr/local/include,/usr/include/ffi,/Library/Developer/CommandLineTools/SDKs/MacOSX.sdk/usr/include/ffi,/Applications/Xcode.app/Contents/Developer/Platforms/MacOSX.platform/Developer/SDKs/MacOSX.sdk/usr/include/ffi... -------------------- no

"cc -E -I/home/linuxbrew/.linuxbrew/Cellar/ruby/3.0.2/include/ruby-3.0.0/x86_64-linux -I/home/linuxbrew/.linuxbrew/Cellar/ruby/3.0.2/include/ruby-3.0.0/ruby/backward -I/home/linuxbrew/.linuxbrew/Cellar/ruby/3.0.2/include/ruby-3.0.0 -I.  -I/home/linuxbrew/.linuxbrew/opt/libyaml/include -I/home/linuxbrew/.linuxbrew/opt/openssl@1.1/include -I/home/linuxbrew/.linuxbrew/opt/readline/include   -O3 -ggdb3 -Wall -Wextra -Wdeprecated-declarations -Wimplicit-function-declaration -Wimplicit-int -Wpointer-arith -Wwrite-strings -Wmissing-noreturn -Wno-cast-function-type -Wno-constant-logical-operand -Wno-long-long -Wno-missing-field-initializers -Wno-overlength-strings -Wno-packed-bitfield-compat -Wno-parentheses-equality -Wno-self-assign -Wno-tautological-compare -Wno-unused-parameter -Wno-unused-value -Wsuggest-attribute=format -Wsuggest-attribute=noreturn -Wunused-variable -Wno-maybe-uninitialized  -fPIC  conftest.c -o conftest.i"
conftest.c:3:10: fatal error: ffi.h: No such file or directory
    3 | #include <ffi.h>
      |          ^~~~~~~
compilation terminated.
checked program was:
/* begin */
1: #include "ruby.h"
2: 
3: #include <ffi.h>
/* end */

"cc -E -I/home/linuxbrew/.linuxbrew/Cellar/ruby/3.0.2/include/ruby-3.0.0/x86_64-linux -I/home/linuxbrew/.linuxbrew/Cellar/ruby/3.0.2/include/ruby-3.0.0/ruby/backward -I/home/linuxbrew/.linuxbrew/Cellar/ruby/3.0.2/include/ruby-3.0.0 -I.  -I/home/linuxbrew/.linuxbrew/opt/libyaml/include -I/home/linuxbrew/.linuxbrew/opt/openssl@1.1/include -I/home/linuxbrew/.linuxbrew/opt/readline/include   -O3 -ggdb3 -Wall -Wextra -Wdeprecated-declarations -Wimplicit-function-declaration -Wimplicit-int -Wpointer-arith -Wwrite-strings -Wmissing-noreturn -Wno-cast-function-type -Wno-constant-logical-operand -Wno-long-long -Wno-missing-field-initializers -Wno-overlength-strings -Wno-packed-bitfield-compat -Wno-parentheses-equality -Wno-self-assign -Wno-tautological-compare -Wno-unused-parameter -Wno-unused-value -Wsuggest-attribute=format -Wsuggest-attribute=noreturn -Wunused-variable -Wno-maybe-uninitialized  -fPIC -I/usr/local/include conftest.c -o conftest.i"
conftest.c:3:10: fatal error: ffi.h: No such file or directory
    3 | #include <ffi.h>
      |          ^~~~~~~
compilation terminated.
checked program was:
/* begin */
1: #include "ruby.h"
2: 
3: #include <ffi.h>
/* end */

"cc -E -I/home/linuxbrew/.linuxbrew/Cellar/ruby/3.0.2/include/ruby-3.0.0/x86_64-linux -I/home/linuxbrew/.linuxbrew/Cellar/ruby/3.0.2/include/ruby-3.0.0/ruby/backward -I/home/linuxbrew/.linuxbrew/Cellar/ruby/3.0.2/include/ruby-3.0.0 -I.  -I/home/linuxbrew/.linuxbrew/opt/libyaml/include -I/home/linuxbrew/.linuxbrew/opt/openssl@1.1/include -I/home/linuxbrew/.linuxbrew/opt/readline/include   -O3 -ggdb3 -Wall -Wextra -Wdeprecated-declarations -Wimplicit-function-declaration -Wimplicit-int -Wpointer-arith -Wwrite-strings -Wmissing-noreturn -Wno-cast-function-type -Wno-constant-logical-operand -Wno-long-long -Wno-missing-field-initializers -Wno-overlength-strings -Wno-packed-bitfield-compat -Wno-parentheses-equality -Wno-self-assign -Wno-tautological-compare -Wno-unused-parameter -Wno-unused-value -Wsuggest-attribute=format -Wsuggest-attribute=noreturn -Wunused-variable -Wno-maybe-uninitialized  -fPIC -I/usr/include/ffi conftest.c -o conftest.i"
conftest.c:3:10: fatal error: ffi.h: No such file or directory
    3 | #include <ffi.h>
      |          ^~~~~~~
compilation terminated.
checked program was:
/* begin */
1: #include "ruby.h"
2: 
3: #include <ffi.h>
/* end */

"cc -E -I/home/linuxbrew/.linuxbrew/Cellar/ruby/3.0.2/include/ruby-3.0.0/x86_64-linux -I/home/linuxbrew/.linuxbrew/Cellar/ruby/3.0.2/include/ruby-3.0.0/ruby/backward -I/home/linuxbrew/.linuxbrew/Cellar/ruby/3.0.2/include/ruby-3.0.0 -I.  -I/home/linuxbrew/.linuxbrew/opt/libyaml/include -I/home/linuxbrew/.linuxbrew/opt/openssl@1.1/include -I/home/linuxbrew/.linuxbrew/opt/readline/include   -O3 -ggdb3 -Wall -Wextra -Wdeprecated-declarations -Wimplicit-function-declaration -Wimplicit-int -Wpointer-arith -Wwrite-strings -Wmissing-noreturn -Wno-cast-function-type -Wno-constant-logical-operand -Wno-long-long -Wno-missing-field-initializers -Wno-overlength-strings -Wno-packed-bitfield-compat -Wno-parentheses-equality -Wno-self-assign -Wno-tautological-compare -Wno-unused-parameter -Wno-unused-value -Wsuggest-attribute=format -Wsuggest-attribute=noreturn -Wunused-variable -Wno-maybe-uninitialized  -fPIC -I/Library/Developer/CommandLineTools/SDKs/MacOSX.sdk/usr/include/ffi conftest.c -o conftest.i"
conftest.c:3:10: fatal error: ffi.h: No such file or directory
    3 | #include <ffi.h>
      |          ^~~~~~~
compilation terminated.
checked program was:
/* begin */
1: #include "ruby.h"
2: 
3: #include <ffi.h>
/* end */

"cc -E -I/home/linuxbrew/.linuxbrew/Cellar/ruby/3.0.2/include/ruby-3.0.0/x86_64-linux -I/home/linuxbrew/.linuxbrew/Cellar/ruby/3.0.2/include/ruby-3.0.0/ruby/backward -I/home/linuxbrew/.linuxbrew/Cellar/ruby/3.0.2/include/ruby-3.0.0 -I.  -I/home/linuxbrew/.linuxbrew/opt/libyaml/include -I/home/linuxbrew/.linuxbrew/opt/openssl@1.1/include -I/home/linuxbrew/.linuxbrew/opt/readline/include   -O3 -ggdb3 -Wall -Wextra -Wdeprecated-declarations -Wimplicit-function-declaration -Wimplicit-int -Wpointer-arith -Wwrite-strings -Wmissing-noreturn -Wno-cast-function-type -Wno-constant-logical-operand -Wno-long-long -Wno-missing-field-initializers -Wno-overlength-strings -Wno-packed-bitfield-compat -Wno-parentheses-equality -Wno-self-assign -Wno-tautological-compare -Wno-unused-parameter -Wno-unused-value -Wsuggest-attribute=format -Wsuggest-attribute=noreturn -Wunused-variable -Wno-maybe-uninitialized  -fPIC -I/Applications/Xcode.app/Contents/Developer/Platforms/MacOSX.platform/Developer/SDKs/MacOSX.sdk/usr/include/ffi conftest.c -o conftest.i"
conftest.c:3:10: fatal error: ffi.h: No such file or directory
    3 | #include <ffi.h>
      |          ^~~~~~~
compilation terminated.
checked program was:
/* begin */
1: #include "ruby.h"
2: 
3: #include <ffi.h>
/* end */

--------------------

block in append_ldflags: checking for whether -Wl,--exclude-libs,ALL is accepted as LDFLAGS... -------------------- yes

"cc -o conftest -I/home/linuxbrew/.linuxbrew/Cellar/ruby/3.0.2/include/ruby-3.0.0/x86_64-linux -I/home/linuxbrew/.linuxbrew/Cellar/ruby/3.0.2/include/ruby-3.0.0/ruby/backward -I/home/linuxbrew/.linuxbrew/Cellar/ruby/3.0.2/include/ruby-3.0.0 -I.  -I/home/linuxbrew/.linuxbrew/opt/libyaml/include -I/home/linuxbrew/.linuxbrew/opt/openssl@1.1/include -I/home/linuxbrew/.linuxbrew/opt/readline/include   -O3 -ggdb3 -Wall -Wextra -Wdeprecated-declarations -Wimplicit-function-declaration -Wimplicit-int -Wpointer-arith -Wwrite-strings -Wmissing-noreturn -Wno-cast-function-type -Wno-constant-logical-operand -Wno-long-long -Wno-missing-field-initializers -Wno-overlength-strings -Wno-packed-bitfield-compat -Wno-parentheses-equality -Wno-self-assign -Wno-tautological-compare -Wno-unused-parameter -Wno-unused-value -Wsuggest-attribute=format -Wsuggest-attribute=noreturn -Wunused-variable -Wno-maybe-uninitialized  -fPIC conftest.c  -L. -L/home/linuxbrew/.linuxbrew/Cellar/ruby/3.0.2/lib -Wl,-rpath,/home/linuxbrew/.linuxbrew/Cellar/ruby/3.0.2/lib -L/home/linuxbrew/.linuxbrew/opt/libyaml/lib -Wl,-rpath,/home/linuxbrew/.linuxbrew/opt/libyaml/lib -L/home/linuxbrew/.linuxbrew/opt/openssl@1.1/lib -Wl,-rpath,/home/linuxbrew/.linuxbrew/opt/openssl@1.1/lib -L/home/linuxbrew/.linuxbrew/opt/readline/lib -Wl,-rpath,/home/linuxbrew/.linuxbrew/opt/readline/lib -L. -fstack-protector-strong -rdynamic -Wl,-export-dynamic -L/home/linuxbrew/.linuxbrew/opt/libyaml/lib  -Wl,-rpath,/home/linuxbrew/.linuxbrew/opt/libyaml/lib -L/home/linuxbrew/.linuxbrew/opt/openssl@1.1/lib  -Wl,-rpath,/home/linuxbrew/.linuxbrew/opt/openssl@1.1/lib -L/home/linuxbrew/.linuxbrew/opt/readline/lib  -Wl,-rpath,/home/linuxbrew/.linuxbrew/opt/readline/lib     -Wl,-rpath,/home/linuxbrew/.linuxbrew/Cellar/ruby/3.0.2/lib -L/home/linuxbrew/.linuxbrew/Cellar/ruby/3.0.2/lib -lruby -Wl,--exclude-libs,ALL -lm   -lc"
checked program was:
/* begin */
1: #include "ruby.h"
2: 
3: int main(int argc, char **argv)
4: {
5:   return !!argv[argc];
6: }
/* end */

--------------------

block in append_ldflags: checking for whether -pthread is accepted as LDFLAGS... -------------------- yes

"cc -o conftest -I/home/linuxbrew/.linuxbrew/Cellar/ruby/3.0.2/include/ruby-3.0.0/x86_64-linux -I/home/linuxbrew/.linuxbrew/Cellar/ruby/3.0.2/include/ruby-3.0.0/ruby/backward -I/home/linuxbrew/.linuxbrew/Cellar/ruby/3.0.2/include/ruby-3.0.0 -I.  -I/home/linuxbrew/.linuxbrew/opt/libyaml/include -I/home/linuxbrew/.linuxbrew/opt/openssl@1.1/include -I/home/linuxbrew/.linuxbrew/opt/readline/include   -O3 -ggdb3 -Wall -Wextra -Wdeprecated-declarations -Wimplicit-function-declaration -Wimplicit-int -Wpointer-arith -Wwrite-strings -Wmissing-noreturn -Wno-cast-function-type -Wno-constant-logical-operand -Wno-long-long -Wno-missing-field-initializers -Wno-overlength-strings -Wno-packed-bitfield-compat -Wno-parentheses-equality -Wno-self-assign -Wno-tautological-compare -Wno-unused-parameter -Wno-unused-value -Wsuggest-attribute=format -Wsuggest-attribute=noreturn -Wunused-variable -Wno-maybe-uninitialized  -fPIC conftest.c  -L. -L/home/linuxbrew/.linuxbrew/Cellar/ruby/3.0.2/lib -Wl,-rpath,/home/linuxbrew/.linuxbrew/Cellar/ruby/3.0.2/lib -L/home/linuxbrew/.linuxbrew/opt/libyaml/lib -Wl,-rpath,/home/linuxbrew/.linuxbrew/opt/libyaml/lib -L/home/linuxbrew/.linuxbrew/opt/openssl@1.1/lib -Wl,-rpath,/home/linuxbrew/.linuxbrew/opt/openssl@1.1/lib -L/home/linuxbrew/.linuxbrew/opt/readline/lib -Wl,-rpath,/home/linuxbrew/.linuxbrew/opt/readline/lib -L. -fstack-protector-strong -rdynamic -Wl,-export-dynamic -L/home/linuxbrew/.linuxbrew/opt/libyaml/lib  -Wl,-rpath,/home/linuxbrew/.linuxbrew/opt/libyaml/lib -L/home/linuxbrew/.linuxbrew/opt/openssl@1.1/lib  -Wl,-rpath,/home/linuxbrew/.linuxbrew/opt/openssl@1.1/lib -L/home/linuxbrew/.linuxbrew/opt/readline/lib  -Wl,-rpath,/home/linuxbrew/.linuxbrew/opt/readline/lib -Wl,--exclude-libs,ALL     -Wl,-rpath,/home/linuxbrew/.linuxbrew/Cellar/ruby/3.0.2/lib -L/home/linuxbrew/.linuxbrew/Cellar/ruby/3.0.2/lib -lruby -pthread -lm   -lc"
checked program was:
/* begin */
1: #include "ruby.h"
2: 
3: int main(int argc, char **argv)
4: {
5:   return !!argv[argc];
6: }
/* end */

--------------------

extconf.h is:
/* begin */
1: #ifndef EXTCONF_H
2: #define EXTCONF_H
3: #define HAVE_FFI_PREP_CIF_VAR 1
4: #define USE_INTERNAL_LIBFFI 1
5: #endif
/* end */

